–– –– ––
Started log: Fri May 28 00:57:19 2021
–– –– ––

Fri May 28 00:57:19 2021: Info – Deserialising patients
Fri May 28 00:57:19 2021: Info – making arr size: 6
Fri May 28 00:57:19 2021: Info – making arr size: 6
Fri May 28 00:57:19 2021: Info – making arr size: 2
Fri May 28 00:57:19 2021: Info – making arr size: 0
Fri May 28 00:57:19 2021: Info – making arr size: 2
Fri May 28 00:57:19 2021: Info – making arr size: 0
Fri May 28 00:57:19 2021: Info – making arr size: 2
Fri May 28 00:57:19 2021: Info – Deserialising doctors
Fri May 28 00:57:19 2021: Info – making arr size: 2
–
Fri May 28 01:01:26 2021: Info – serialising patients
Fri May 28 01:01:26 2021: Info – serialising doctors

–– –– ––
Finished log: Fri May 28 01:01:26 2021
Elapsed time (seconds): 246.681s
–– –– ––
–– –– ––
Started log: Fri May 28 01:04:19 2021
–– –– ––

Fri May 28 01:04:19 2021: Info – Deserialising patients
Fri May 28 01:04:19 2021: Info – making arr size: 6
Fri May 28 01:04:19 2021: Info – making arr size: 6
Fri May 28 01:04:19 2021: Info – making arr size: 2
Fri May 28 01:04:19 2021: Info – making arr size: 0
Fri May 28 01:04:19 2021: Info – making arr size: 2
Fri May 28 01:04:19 2021: Info – making arr size: 0
Fri May 28 01:04:19 2021: Info – making arr size: 2
Fri May 28 01:04:19 2021: Info – Deserialising doctors
Fri May 28 01:04:19 2021: Info – making arr size: 2
–
Fri May 28 01:06:13 2021: Info – serialising patients
Fri May 28 01:06:13 2021: Info – serialising doctors

–– –– ––
Finished log: Fri May 28 01:06:13 2021
Elapsed time (seconds): 113.941s
–– –– ––
–– –– ––
Started log: Fri May 28 01:06:28 2021
–– –– ––

Fri May 28 01:06:28 2021: Info – Deserialising patients
Fri May 28 01:06:28 2021: Info – making arr size: 6
Fri May 28 01:06:28 2021: Info – making arr size: 6
Fri May 28 01:06:28 2021: Info – making arr size: 2
Fri May 28 01:06:28 2021: Info – making arr size: 0
Fri May 28 01:06:28 2021: Info – making arr size: 2
Fri May 28 01:06:28 2021: Info – making arr size: 2
Fri May 28 01:06:28 2021: Info – making arr size: 2
Fri May 28 01:06:28 2021: Info – Deserialising doctors
Fri May 28 01:06:28 2021: Info – making arr size: 2
–
Fri May 28 01:11:09 2021: Info – serialising patients
Fri May 28 01:11:09 2021: Info – serialising doctors

–– –– ––
Finished log: Fri May 28 01:11:09 2021
Elapsed time (seconds): 281.19s
–– –– ––
–– –– ––
Started log: Fri May 28 01:25:42 2021
–– –– ––

Fri May 28 01:25:42 2021: Info – Deserialising patients
Fri May 28 01:25:42 2021: Info – making arr size: 6
Fri May 28 01:25:42 2021: Info – making arr size: 6
Fri May 28 01:25:42 2021: Info – making arr size: 2
Fri May 28 01:25:42 2021: Info – making arr size: 0
Fri May 28 01:25:42 2021: Info – making arr size: 2
Fri May 28 01:25:42 2021: Info – making arr size: 2
Fri May 28 01:25:42 2021: Info – making arr size: 2
Fri May 28 01:25:42 2021: Info – Deserialising doctors
Fri May 28 01:25:42 2021: Info – making arr size: 2
–
Fri May 28 01:25:46 2021: Info – serialising patients
Fri May 28 01:25:46 2021: Info – serialising doctors

–– –– ––
Finished log: Fri May 28 01:25:46 2021
Elapsed time (seconds): 3.23703s
–– –– ––
–– –– ––
Started log: Fri May 28 02:11:40 2021
–– –– ––

Fri May 28 02:11:40 2021: Info – Deserialising patients
Fri May 28 02:11:40 2021: Info – making arr size: 6
Fri May 28 02:11:40 2021: Info – making arr size: 6
Fri May 28 02:11:40 2021: Info – making arr size: 2
Fri May 28 02:11:40 2021: Info – making arr size: 0
Fri May 28 02:11:40 2021: Info – making arr size: 2
Fri May 28 02:11:40 2021: Info – making arr size: 2
Fri May 28 02:11:40 2021: Info – making arr size: 2
Fri May 28 02:11:40 2021: Info – Deserialising doctors
Fri May 28 02:11:40 2021: Info – making arr size: 2
–
Fri May 28 02:16:55 2021: Info – serialising patients
Fri May 28 02:16:55 2021: Info – serialising doctors

–– –– ––
Finished log: Fri May 28 02:16:55 2021
Elapsed time (seconds): 314.615s
–– –– ––
–– –– ––
Started log: Fri May 28 02:17:26 2021
–– –– ––

Fri May 28 02:17:26 2021: Info – Deserialising patients
Fri May 28 02:17:26 2021: Info – making arr size: 6
Fri May 28 02:17:26 2021: Info – making arr size: 6
Fri May 28 02:17:26 2021: Info – making arr size: 2
Fri May 28 02:17:26 2021: Info – making arr size: 0
Fri May 28 02:17:26 2021: Info – making arr size: 2
Fri May 28 02:17:26 2021: Info – making arr size: 2
Fri May 28 02:17:26 2021: Info – making arr size: 2
Fri May 28 02:17:26 2021: Info – making arr size: 6
Fri May 28 02:17:26 2021: Info – making arr size: 2
Fri May 28 02:17:26 2021: Info – Deserialising doctors
Fri May 28 02:17:26 2021: Info – making arr size: 6
–
Fri May 28 02:17:28 2021: Info – serialising patients
Fri May 28 02:17:28 2021: Info – serialising doctors

–– –– ––
Finished log: Fri May 28 02:17:28 2021
Elapsed time (seconds): 1.77099s
–– –– ––
–– –– ––
Started log: Fri May 28 10:46:32 2021
–– –– ––

Fri May 28 10:46:32 2021: Info – Deserialising patients
Fri May 28 10:46:32 2021: Info – Deserialising doctors
–
Fri May 28 10:47:00 2021: Info – serialising patients
Fri May 28 10:47:00 2021: Info – serialising doctors

–– –– ––
Finished log: Fri May 28 10:47:00 2021
Elapsed time (seconds): 27.1922s
–– –– ––
–– –– ––
Started log: Fri May 28 11:01:32 2021
–– –– ––

Fri May 28 11:01:32 2021: Info – Deserialising patients
Fri May 28 11:01:32 2021: Info – Deserialising doctors
–
Fri May 28 11:15:37 2021: Info – serialising patients
Fri May 28 11:15:37 2021: Info – serialising doctors

–– –– ––
Finished log: Fri May 28 11:15:37 2021
Elapsed time (seconds): 845.185s
–– –– ––
–– –– ––
Started log: Wed Jun 16 12:13:17 2021
–– –– ––

Wed Jun 16 12:13:17 2021: Info – Deserialising patients
Wed Jun 16 12:13:17 2021: Info – Deserialising doctors
–
Wed Jun 16 12:17:13 2021: Info – serialising patients
Wed Jun 16 12:17:13 2021: Info – serialising doctors

–– –– ––
Finished log: Wed Jun 16 12:17:13 2021
Elapsed time (seconds): 235.998s
–– –– ––
